<?xml version="1.0" encoding="UTF-8"?>
<coverage generated="1756726836483" clover="3.2.0">
  <project timestamp="1756726836483" name="All files">
    <metrics statements="29" coveredstatements="27" conditionals="28" coveredconditionals="24" methods="5" coveredmethods="5" elements="62" coveredelements="56" complexity="0" loc="29" ncloc="29" packages="1" files="1" classes="1"/>
    <file name="calc.js" path="E:\DEV\ddjlabs\cashcounter\src\lib\calc.js">
      <metrics statements="29" coveredstatements="27" conditionals="28" coveredconditionals="24" methods="5" coveredmethods="5"/>
      <line num="3" count="1" type="stmt"/>
      <line num="19" count="20" type="cond" truecount="5" falsecount="0"/>
      <line num="20" count="10" type="cond" truecount="4" falsecount="0"/>
      <line num="21" count="8" type="cond" truecount="1" falsecount="1"/>
      <line num="22" count="8" type="cond" truecount="2" falsecount="0"/>
      <line num="23" count="3" type="stmt"/>
      <line num="24" count="3" type="cond" truecount="2" falsecount="0"/>
      <line num="26" count="0" type="stmt"/>
      <line num="30" count="6" type="stmt"/>
      <line num="31" count="6" type="stmt"/>
      <line num="36" count="2" type="stmt"/>
      <line num="37" count="2" type="stmt"/>
      <line num="38" count="24" type="stmt"/>
      <line num="39" count="24" type="cond" truecount="4" falsecount="1"/>
      <line num="40" count="24" type="stmt"/>
      <line num="41" count="24" type="stmt"/>
      <line num="42" count="24" type="stmt"/>
      <line num="44" count="2" type="stmt"/>
      <line num="48" count="1" type="stmt"/>
      <line num="49" count="1" type="stmt"/>
      <line num="50" count="12" type="stmt"/>
      <line num="51" count="12" type="cond" truecount="2" falsecount="0"/>
      <line num="52" count="2" type="stmt"/>
      <line num="55" count="1" type="stmt"/>
      <line num="58" count="1" type="stmt"/>
      <line num="61" count="1" type="cond" truecount="3" falsecount="1"/>
      <line num="62" count="1" type="stmt"/>
      <line num="66" count="1" type="cond" truecount="1" falsecount="1"/>
      <line num="67" count="0" type="stmt"/>
    </file>
  </project>
</coverage>
