TN:
SF:src\lib\calc.js
FN:18,isWholeNonNegativeInteger
FN:29,toCurrency
FN:34,computeTotals
FN:37,(anonymous_3)
FN:47,validateCounts
FNF:5
FNH:5
FNDA:20,isWholeNonNegativeInteger
FNDA:6,toCurrency
FNDA:2,computeTotals
FNDA:24,(anonymous_3)
FNDA:1,validateCounts
DA:3,1
DA:19,20
DA:20,10
DA:21,8
DA:22,8
DA:23,3
DA:24,3
DA:26,0
DA:30,6
DA:31,6
DA:36,2
DA:37,2
DA:38,24
DA:39,24
DA:40,24
DA:41,24
DA:42,24
DA:44,2
DA:48,1
DA:49,1
DA:50,12
DA:51,12
DA:52,2
DA:55,1
DA:58,1
DA:61,1
DA:62,1
DA:66,1
DA:67,0
LF:29
LH:27
BRDA:19,0,0,10
BRDA:19,0,1,10
BRDA:19,1,0,20
BRDA:19,1,1,19
BRDA:19,1,2,19
BRDA:20,2,0,2
BRDA:20,2,1,8
BRDA:20,3,0,2
BRDA:20,3,1,2
BRDA:21,4,0,8
BRDA:21,4,1,0
BRDA:22,5,0,5
BRDA:22,5,1,3
BRDA:24,6,0,3
BRDA:24,6,1,3
BRDA:39,7,0,0
BRDA:39,7,1,24
BRDA:39,8,0,24
BRDA:39,8,1,24
BRDA:39,8,2,24
BRDA:51,9,0,2
BRDA:51,9,1,10
BRDA:61,10,0,1
BRDA:61,10,1,0
BRDA:61,11,0,1
BRDA:61,11,1,1
BRDA:66,12,0,0
BRDA:66,12,1,1
BRF:28
BRH:24
end_of_record
